<?xml version="1.0" encoding="utf-8"?><testsuites><testsuite name="pytest" errors="0" failures="0" skipped="0" tests="34" time="10.382" timestamp="2025-05-03T08:42:25.635620+03:00" hostname="39773d6f28aa"><testcase classname="appointment.test.test_appointment.AppointmentAPITests" name="test_create_appointment_invalid_time_slot" time="1.072" /><testcase classname="appointment.test.test_appointment.AppointmentAPITests" name="test_create_appointment_missing_schedule" time="0.447" /><testcase classname="appointment.test.test_appointment.AppointmentAPITests" name="test_create_appointment_missing_start_time" time="0.445" /><testcase classname="appointment.test.test_appointment.AppointmentAPITests" name="test_create_appointment_valid" time="0.464" /><testcase classname="appointment.test.test_appointment.AppointmentAPITests" name="test_double_booking" time="0.442" /><testcase classname="appointment.test.test_appointment.AppointmentAPITests" name="test_list_appointments_doctor" time="0.467" /><testcase classname="appointment.test.test_appointment.AppointmentAPITests" name="test_list_appointments_patient" time="0.470" /><testcase classname="core.tests.test_admin.AdminSiteTests" name="test_create_user_page" time="0.327" /><testcase classname="core.tests.test_admin.AdminSiteTests" name="test_edit_user_page" time="0.318" /><testcase classname="core.tests.test_admin.AdminSiteTests" name="test_users_lists" time="0.313" /><testcase classname="core.tests.test_health_check.HealthCheckTests" name="test_health_check" time="0.005" /><testcase classname="core.tests.test_user_models.UserModelsTests" name="test_create_superuser" time="0.163" /><testcase classname="core.tests.test_user_models.UserModelsTests" name="test_create_user_with_email_successful" time="0.305" /><testcase classname="core.tests.test_user_models.UserModelsTests" name="test_new_user_email_normalized" time="0.593" /><testcase classname="core.tests.test_user_models.UserModelsTests" name="test_new_user_without_email_raises_error" time="0.001" /><testcase classname="user.tests.test_user_api.UserRegistrationAPITests" name="test_create_user_existing_email_fails" time="0.166" /><testcase classname="user.tests.test_user_api.UserRegistrationAPITests" name="test_create_user_missing_required_field_fails" time="0.004" /><testcase classname="user.tests.test_user_api.UserRegistrationAPITests" name="test_create_user_short_password_fails" time="0.002" /><testcase classname="user.tests.test_user_api.UserRegistrationAPITests" name="test_create_user_success" time="0.308" /><testcase classname="user.tests.test_user_api.TokenAPITests" name="test_obtain_token_invalid_credentials" time="0.312" /><testcase classname="user.tests.test_user_api.TokenAPITests" name="test_obtain_token_missing_fields" time="0.152" /><testcase classname="user.tests.test_user_api.TokenAPITests" name="test_obtain_token_valid_credentials" time="0.309" /><testcase classname="user.tests.test_user_api.TokenAPITests" name="test_refresh_token_invalid" time="0.145" /><testcase classname="user.tests.test_user_api.TokenAPITests" name="test_refresh_token_valid" time="0.291" /><testcase classname="user.tests.test_user_api.UserProfilePublicAPITests" name="test_retrieve_profile_unauthorized" time="0.005" /><testcase classname="user.tests.test_user_api.UserProfilePublicAPITests" name="test_update_profile_unauthorized" time="0.001" /><testcase classname="user.tests.test_user_api.UserProfilePrivateAPITests" name="test_partial_profile_update" time="0.312" /><testcase classname="user.tests.test_user_api.UserProfilePrivateAPITests" name="test_password_update_invalidates_old_credentials" time="0.710" /><testcase classname="user.tests.test_user_api.UserProfilePrivateAPITests" name="test_post_method_not_allowed" time="0.305" /><testcase classname="user.tests.test_user_api.UserProfilePrivateAPITests" name="test_retrieve_profile_success" time="0.303" /><testcase classname="user.tests.test_user_api.UserProfilePrivateAPITests" name="test_update_email_to_existing_email_fails" time="0.434" /><testcase classname="user.tests.test_user_api.UserProfilePrivateAPITests" name="test_update_user_profile" time="0.608" /><testcase classname="core.tests.test_commands.CommandTests" name="test_wait_for_db_delay" time="0.003" /><testcase classname="core.tests.test_commands.CommandTests" name="test_wait_for_db_ready" time="0.024" /></testsuite></testsuites>